<?xml version="1.0" encoding="UTF-8" ?>
<testsuite tests="24" failures="0" name="com.cxe.commons.StringsTest" time="0.014" errors="0" skipped="0">
  <properties>
[...]
</properties>
  <testcase classname="com.cxe.commons.StringsTest" name="testCapitalizeFirstLetter" time="0.001"/>
  <testcase classname="com.cxe.commons.StringsTest" name="testIsAlphaNumeric" time="0"/>
  <testcase classname="com.cxe.commons.StringsTest" name="testToString" time="0"/>
  <testcase classname="com.cxe.commons.StringsTest" name="testConcealEmail" time="0"/>
  <testcase classname="com.cxe.commons.StringsTest" name="testRemoveSymbolIfExists" time="0"/>
  <testcase classname="com.cxe.commons.StringsTest" name="testJoinFast_2args" time="0"/>
  <testcase classname="com.cxe.commons.StringsTest" name="testJoinFast_3args" time="0"/>
  <testcase classname="com.cxe.commons.StringsTest" name="testJoinFast_4args" time="0"/>
  <testcase classname="com.cxe.commons.StringsTest" name="testJoinFast_5args" time="0"/>
  <testcase classname="com.cxe.commons.StringsTest" name="testJoinFast_6args" time="0"/>
  <testcase classname="com.cxe.commons.StringsTest" name="testJoinFast_7args" time="0.001"/>
  <testcase classname="com.cxe.commons.StringsTest" name="testJoinFast_8args" time="0"/>
  <testcase classname="com.cxe.commons.StringsTest" name="testValidateEmail" time="0"/>
  <testcase classname="com.cxe.commons.StringsTest" name="testJoin_2args" time="0"/>
  <testcase classname="com.cxe.commons.StringsTest" name="testJoin_3args" time="0"/>
  <testcase classname="com.cxe.commons.StringsTest" name="testJoin_4args" time="0.001"/>
  <testcase classname="com.cxe.commons.StringsTest" name="testJoin_5args" time="0"/>
  <testcase classname="com.cxe.commons.StringsTest" name="testJoin_6args" time="0"/>
  <testcase classname="com.cxe.commons.StringsTest" name="testJoin_7args" time="0.001"/>
  <testcase classname="com.cxe.commons.StringsTest" name="testJoin_8args" time="0"/>
  <testcase classname="com.cxe.commons.StringsTest" name="testJoinFast_2args_FAIL" time="0"/>
  <testcase classname="com.cxe.commons.StringsTest" name="testIsEmpty" time="0"/>
  <testcase classname="com.cxe.commons.StringsTest" name="testToSlug" time="0.001"/>
  <testcase classname="com.cxe.commons.StringsTest" name="testIsEmpty_Fail" time="0"/>
</testsuite>