<?xml version="1.0" encoding="UTF-8" ?>
<testsuite tests="35" failures="0" name="com.cxe.commons.StringsTest" time="0.036" errors="0" skipped="0">
  <properties>
[...]
</properties>
  <testcase classname="com.cxe.commons.StringsTest" name="testCapitalizeFirstLetter" time="0"/>
  <testcase classname="com.cxe.commons.StringsTest" name="testIsAlphaNumeric" time="0.001"/>
  <testcase classname="com.cxe.commons.StringsTest" name="testFill_3args_Multi" time="0"/>
  <testcase classname="com.cxe.commons.StringsTest" name="testFill" time="0"/>
  <testcase classname="com.cxe.commons.StringsTest" name="testToString" time="0"/>
  <testcase classname="com.cxe.commons.StringsTest" name="testFill_Large" time="0.001"/>
  <testcase classname="com.cxe.commons.StringsTest" name="testJoinFill" time="0"/>
  <testcase classname="com.cxe.commons.StringsTest" name="testConcealEmail" time="0"/>
  <testcase classname="com.cxe.commons.StringsTest" name="testRemoveSymbolIfExists" time="0"/>
  <testcase classname="com.cxe.commons.StringsTest" name="testJoinFast_2args" time="0"/>
  <testcase classname="com.cxe.commons.StringsTest" name="testJoinFast_3args" time="0.001"/>
  <testcase classname="com.cxe.commons.StringsTest" name="testJoinFast_4args" time="0"/>
  <testcase classname="com.cxe.commons.StringsTest" name="testJoinFast_5args" time="0"/>
  <testcase classname="com.cxe.commons.StringsTest" name="testJoinFast_6args" time="0.001"/>
  <testcase classname="com.cxe.commons.StringsTest" name="testJoinFast_7args" time="0"/>
  <testcase classname="com.cxe.commons.StringsTest" name="testJoinFast_8args" time="0.002"/>
  <testcase classname="com.cxe.commons.StringsTest" name="testFill_3args_Single" time="0"/>
  <testcase classname="com.cxe.commons.StringsTest" name="testConcealEmail_longEmail" time="0.002"/>
  <testcase classname="com.cxe.commons.StringsTest" name="testValidateEmail" time="0"/>
  <testcase classname="com.cxe.commons.StringsTest" name="testJoin_2args" time="0.002"/>
  <testcase classname="com.cxe.commons.StringsTest" name="testJoin_3args" time="0"/>
  <testcase classname="com.cxe.commons.StringsTest" name="testJoin_4args" time="0.001"/>
  <testcase classname="com.cxe.commons.StringsTest" name="testJoin_5args" time="0.001"/>
  <testcase classname="com.cxe.commons.StringsTest" name="testJoin_6args" time="0"/>
  <testcase classname="com.cxe.commons.StringsTest" name="testJoin_7args" time="0.001"/>
  <testcase classname="com.cxe.commons.StringsTest" name="testJoin_8args" time="0.002"/>
  <testcase classname="com.cxe.commons.StringsTest" name="testJoinFast_2args_FAIL" time="0"/>
  <testcase classname="com.cxe.commons.StringsTest" name="testJoinFill_Seperator" time="0"/>
  <testcase classname="com.cxe.commons.StringsTest" name="testConcealCharacters_Tail" time="0"/>
  <testcase classname="com.cxe.commons.StringsTest" name="testConcealCharacters_Front" time="0.001"/>
  <testcase classname="com.cxe.commons.StringsTest" name="testImplode" time="0.007"/>
  <testcase classname="com.cxe.commons.StringsTest" name="testIsEmpty" time="0"/>
  <testcase classname="com.cxe.commons.StringsTest" name="testToSlug" time="0.012"/>
  <testcase classname="com.cxe.commons.StringsTest" name="testConcealCharacters_Front_With_Mask" time="0.001"/>
  <testcase classname="com.cxe.commons.StringsTest" name="testIsEmpty_Fail" time="0"/>
</testsuite>